1000 /home/akou/Documents/Security/Exercise2/src_corpus/test_file.txt 10/27/24 04:56PM 0 0 d41d8cd98f00b204e9800998ecf8427e
1000 /home/akou/Documents/Security/Exercise2/src_corpus/test_file.txt 10/27/24 04:56PM 2 0 6f187b66ae7a361b28988ee534a5b8ba
44 /home/akou/Documents/Security/Exercise2/src_corpus/test_file.txt 10/27/24 04:56PM 2 0 ba3686d23428f2ea50aa6f90b1ac7d47
44 /home/akou/Documents/Security/Exercise2/src_corpus/test_file.txt 10/27/24 04:56PM 2 0 ba3686d23428f2ea50aa6f90b1ac7d47
44 /home/akou/Documents/Security/Exercise2/src_corpus/test_file.txt 10/27/24 04:56PM 2 0 ba3686d23428f2ea50aa6f90b1ac7d47
1000 /home/akou/Documents/Security/Exercise2/src_corpus/test_file.txt 10/27/24 05:32PM 1 1 -
1000 /home/akou/Documents/Security/Exercise2/src_corpus/test_file1.txt 10/27/24 05:32PM 1 1 -
1000 /home/akou/Documents/Security/Exercise2/src_corpus/test_file2.txt 10/27/24 05:34PM 1 1 -
1000 /home/akou/Documents/Security/Exercise2/src_corpus/test_file.txt 10/27/24 05:35PM 1 1 -
1000 /home/akou/Documents/Security/Exercise2/src_corpus/test_file.txt 10/27/24 05:35PM 1 1 -
1000 /home/akou/Documents/Security/Exercise2/src_corpus/test_file3.txt 10/27/24 05:35PM 1 1 -
1000 /home/akou/Documents/Security/Exercise2/src_corpus/test_file.txt 10/27/24 05:35PM 1 1 -
4 /home/akou/Documents/Security/Exercise2/src_corpus/test_file.txt 10/27/24 05:35PM 1 1 -
4 /home/akou/Documents/Security/Exercise2/src_corpus/test_file.txt 10/27/24 05:35PM 1 1 -
4 /home/akou/Documents/Security/Exercise2/src_corpus/test_file2.txt 10/27/24 05:35PM 1 1 -
4 /home/akou/Documents/Security/Exercise2/src_corpus/text.txt 10/27/24 05:35PM 0 0 d41d8cd98f00b204e9800998ecf8427e
4 /home/akou/Documents/Security/Exercise2/src_corpus/text2.txt 10/27/24 05:35PM 0 0 d41d8cd98f00b204e9800998ecf8427e
4 /home/akou/Documents/Security/Exercise2/src_corpus/text2.txt 10/27/24 05:35PM 0 0 d41d8cd98f00b204e9800998ecf8427e
4 /home/akou/Documents/Security/Exercise2/src_corpus/text.txt 10/27/24 05:35PM 0 0 d41d8cd98f00b204e9800998ecf8427e
4 /home/akou/Documents/Security/Exercise2/src_corpus/test_file.txt 10/27/24 05:35PM 1 1 -
1000 /home/akou/Documents/Security/Exercise2/src_corpus/text.txt 10/27/24 05:35PM 0 0 d41d8cd98f00b204e9800998ecf8427e
1000 /home/akou/Documents/Security/Exercise2/src_corpus/text.txt 10/27/24 05:35PM 2 0 1fb0e331c05a52d5eb847d6fc018320d
1000 /home/akou/Documents/Security/Exercise2/src_corpus/text.txt 10/27/24 05:35PM 2 0 8dbf707694047fa858e0ce99de75ef88
433 /home/akou/Documents/Security/Exercise2/src_corpus/test_file3.txt 10/27/24 05:35PM 1 1 -
1000 /home/akou/Documents/Security/Exercise2/src_corpus/text.txt 10/27/24 05:35PM 1 0 8dbf707694047fa858e0ce99de75ef88
1000 /home/akou/Documents/Security/Exercise2/src_corpus/text.txt 10/27/24 05:35PM 2 0 323da313ed58ceb22ed674b2af211514
55 /home/akou/Documents/Security/Exercise2/src_corpus/test_file31.txt 10/27/24 05:35PM 1 1 -
5 /home/akou/Documents/Security/Exercise2/src_corpus/test_file32.txt 10/27/24 05:35PM 1 1 -
5 /home/akou/Documents/Security/Exercise2/src_corpus/test_file33.txt 10/27/24 05:35PM 1 1 -
5 /home/akou/Documents/Security/Exercise2/src_corpus/test_file34.txt 10/27/24 05:35PM 1 1 -
5 /home/akou/Documents/Security/Exercise2/src_corpus/test_file35.txt 10/27/24 05:35PM 1 1 -
5 /home/akou/Documents/Security/Exercise2/src_corpus/test_file36.txt 10/27/24 05:35PM 1 1 -
5 /home/akou/Documents/Security/Exercise2/src_corpus/test_file37.txt 10/27/24 05:35PM 1 1 -
5 /home/akou/Documents/Security/Exercise2/src_corpus/test_file38.txt 10/27/24 05:35PM 1 1 -
5 /home/akou/Documents/Security/Exercise2/src_corpus/test_file39.txt 10/27/24 05:35PM 1 1 -
1000 /home/akou/Documents/Security/Exercise2/src_corpus/text.txt 10/27/24 05:35PM 2 0 b3981eb390060021d5dc7d4aa0364051
3 /home/akou/Documents/Security/Exercise2/src_corpus/test_file.txt 10/27/24 05:35PM 2 0 b3981eb390060021d5dc7d4aa0364051
1000 /home/akou/Documents/Security/Exercise2/src_corpus/test_file4.txt 10/27/24 05:35PM 1 1 -
1000 /home/akou/Documents/Security/Exercise2/src_corpus/test_file5.txt 10/27/24 05:35PM 1 1 -
4 /home/akou/Documents/Security/Exercise2/src_corpus/test_file5.txt 10/27/24 05:35PM 1 1 -
4 /home/akou/Documents/Security/Exercise2/src_corpus/test_file6.txt 10/27/24 05:35PM 1 1 -
4 /home/akou/Documents/Security/Exercise2/src_corpus/test_file3.txt 10/27/24 05:35PM 1 1 -

